CRITICAL - 2023-10-06 20:31:53 --> Class "App\Models\ClienteModel" not found
in APPPATH/Controllers/Clientes.php on line 12.
 1 SYSTEMPATH/CodeIgniter.php(919): App\Controllers\Clientes->index()
 2 SYSTEMPATH/CodeIgniter.php(494): CodeIgniter\CodeIgniter->runController()
 3 SYSTEMPATH/CodeIgniter.php(353): CodeIgniter\CodeIgniter->handleRequest()
 4 FCPATH/index.php(79): CodeIgniter\CodeIgniter->run()
 5 SYSTEMPATH/Commands/Server/rewrite.php(47): require_once('/var/www/html/projeto-m2/public/index.php')
CRITICAL - 2023-10-06 20:31:56 --> Class "App\Models\ClienteModel" not found
in APPPATH/Controllers/Clientes.php on line 12.
 1 SYSTEMPATH/CodeIgniter.php(919): App\Controllers\Clientes->index()
 2 SYSTEMPATH/CodeIgniter.php(494): CodeIgniter\CodeIgniter->runController()
 3 SYSTEMPATH/CodeIgniter.php(353): CodeIgniter\CodeIgniter->handleRequest()
 4 FCPATH/index.php(79): CodeIgniter\CodeIgniter->run()
 5 SYSTEMPATH/Commands/Server/rewrite.php(47): require_once('/var/www/html/projeto-m2/public/index.php')
CRITICAL - 2023-10-06 21:29:42 --> syntax error, unexpected token "echo", expecting "," or ";"
in APPPATH/Controllers/Clientes.php on line 14.
 1 SYSTEMPATH/Router/Router.php(512): CodeIgniter\Router\AutoRouter->getRoute()
 2 SYSTEMPATH/Router/Router.php(208): CodeIgniter\Router\Router->autoRoute()
 3 SYSTEMPATH/CodeIgniter.php(800): CodeIgniter\Router\Router->handle()
 4 SYSTEMPATH/CodeIgniter.php(442): CodeIgniter\CodeIgniter->tryToRouteIt()
 5 SYSTEMPATH/CodeIgniter.php(353): CodeIgniter\CodeIgniter->handleRequest()
 6 FCPATH/index.php(79): CodeIgniter\CodeIgniter->run()
 7 SYSTEMPATH/Commands/Server/rewrite.php(47): require_once('/var/www/html/projeto-m2/public/index.php')
CRITICAL - 2023-10-06 23:05:23 --> Undefined variable $cliente_model
in APPPATH/Controllers/Clientes.php on line 15.
 1 APPPATH/Controllers/Clientes.php(15): CodeIgniter\Debug\Exceptions->errorHandler()
 2 SYSTEMPATH/CodeIgniter.php(891): App\Controllers\Clientes->__construct()
 3 SYSTEMPATH/CodeIgniter.php(485): CodeIgniter\CodeIgniter->createController()
 4 SYSTEMPATH/CodeIgniter.php(353): CodeIgniter\CodeIgniter->handleRequest()
 5 FCPATH/index.php(79): CodeIgniter\CodeIgniter->run()
 6 SYSTEMPATH/Commands/Server/rewrite.php(47): require_once('/var/www/html/projeto-m2/public/index.php')
CRITICAL - 2023-10-06 23:06:16 --> Undefined variable $cliente_model
in APPPATH/Controllers/Clientes.php on line 15.
 1 APPPATH/Controllers/Clientes.php(15): CodeIgniter\Debug\Exceptions->errorHandler()
 2 SYSTEMPATH/CodeIgniter.php(891): App\Controllers\Clientes->__construct()
 3 SYSTEMPATH/CodeIgniter.php(485): CodeIgniter\CodeIgniter->createController()
 4 SYSTEMPATH/CodeIgniter.php(353): CodeIgniter\CodeIgniter->handleRequest()
 5 FCPATH/index.php(79): CodeIgniter\CodeIgniter->run()
 6 SYSTEMPATH/Commands/Server/rewrite.php(47): require_once('/var/www/html/projeto-m2/public/index.php')
