CRITICAL - 2023-10-16 22:05:01 --> syntax error, unexpected token ")", expecting "->" or "?->" or "{" or "["
in APPPATH/Views/clientes/index.php on line 48.
 1 SYSTEMPATH/View/View.php(229): CodeIgniter\View\View->CodeIgniter\View\{closure}()
 2 SYSTEMPATH/Common.php(1188): CodeIgniter\View\View->render()
 3 APPPATH/Controllers/Clientes.php(27): view()
 4 SYSTEMPATH/CodeIgniter.php(919): App\Controllers\Clientes->index()
 5 SYSTEMPATH/CodeIgniter.php(494): CodeIgniter\CodeIgniter->runController()
 6 SYSTEMPATH/CodeIgniter.php(353): CodeIgniter\CodeIgniter->handleRequest()
 7 FCPATH/index.php(79): CodeIgniter\CodeIgniter->run()
 8 SYSTEMPATH/Commands/Server/rewrite.php(47): require_once('/home/jgnunes/Projetos/projeto-m2/public/index.php')
CRITICAL - 2023-10-16 22:09:29 --> syntax error, unexpected token ")", expecting "->" or "?->" or "{" or "["
in APPPATH/Views/clientes/index.php on line 48.
 1 SYSTEMPATH/View/View.php(229): CodeIgniter\View\View->CodeIgniter\View\{closure}()
 2 SYSTEMPATH/Common.php(1188): CodeIgniter\View\View->render()
 3 APPPATH/Controllers/Clientes.php(27): view()
 4 SYSTEMPATH/CodeIgniter.php(919): App\Controllers\Clientes->index()
 5 SYSTEMPATH/CodeIgniter.php(494): CodeIgniter\CodeIgniter->runController()
 6 SYSTEMPATH/CodeIgniter.php(353): CodeIgniter\CodeIgniter->handleRequest()
 7 FCPATH/index.php(79): CodeIgniter\CodeIgniter->run()
 8 SYSTEMPATH/Commands/Server/rewrite.php(47): require_once('/home/jgnunes/Projetos/projeto-m2/public/index.php')
CRITICAL - 2023-10-16 22:09:30 --> syntax error, unexpected token ")", expecting "->" or "?->" or "{" or "["
in APPPATH/Views/clientes/index.php on line 48.
 1 SYSTEMPATH/View/View.php(229): CodeIgniter\View\View->CodeIgniter\View\{closure}()
 2 SYSTEMPATH/Common.php(1188): CodeIgniter\View\View->render()
 3 APPPATH/Controllers/Clientes.php(27): view()
 4 SYSTEMPATH/CodeIgniter.php(919): App\Controllers\Clientes->index()
 5 SYSTEMPATH/CodeIgniter.php(494): CodeIgniter\CodeIgniter->runController()
 6 SYSTEMPATH/CodeIgniter.php(353): CodeIgniter\CodeIgniter->handleRequest()
 7 FCPATH/index.php(79): CodeIgniter\CodeIgniter->run()
 8 SYSTEMPATH/Commands/Server/rewrite.php(47): require_once('/home/jgnunes/Projetos/projeto-m2/public/index.php')
CRITICAL - 2023-10-16 23:22:05 --> Invalid file: "clientes/editar.php"
in SYSTEMPATH/Exceptions/FrameworkException.php on line 39.
 1 SYSTEMPATH/View/View.php(214): CodeIgniter\Exceptions\FrameworkException::forInvalidFile()
 2 SYSTEMPATH/Common.php(1188): CodeIgniter\View\View->render()
 3 APPPATH/Controllers/Clientes.php(44): view()
 4 SYSTEMPATH/CodeIgniter.php(919): App\Controllers\Clientes->editar()
 5 SYSTEMPATH/CodeIgniter.php(494): CodeIgniter\CodeIgniter->runController()
 6 SYSTEMPATH/CodeIgniter.php(353): CodeIgniter\CodeIgniter->handleRequest()
 7 FCPATH/index.php(79): CodeIgniter\CodeIgniter->run()
 8 SYSTEMPATH/Commands/Server/rewrite.php(47): require_once('/home/jgnunes/Projetos/projeto-m2/public/index.php')
ERROR - 2023-10-16 23:42:42 --> mysqli_sql_exception: Duplicate entry '41' for key 'clientes.PRIMARY' in /home/jgnunes/Projetos/projeto-m2/system/Database/MySQLi/Connection.php:306
Stack trace:
#0 /home/jgnunes/Projetos/projeto-m2/system/Database/MySQLi/Connection.php(306): mysqli->query()
#1 /home/jgnunes/Projetos/projeto-m2/system/Database/BaseConnection.php(692): CodeIgniter\Database\MySQLi\Connection->execute()
#2 /home/jgnunes/Projetos/projeto-m2/system/Database/BaseConnection.php(606): CodeIgniter\Database\BaseConnection->simpleQuery()
#3 /home/jgnunes/Projetos/projeto-m2/system/Database/BaseBuilder.php(2308): CodeIgniter\Database\BaseConnection->query()
#4 /home/jgnunes/Projetos/projeto-m2/system/Model.php(319): CodeIgniter\Database\BaseBuilder->insert()
#5 /home/jgnunes/Projetos/projeto-m2/system/BaseModel.php(788): CodeIgniter\Model->doInsert()
#6 /home/jgnunes/Projetos/projeto-m2/system/Model.php(715): CodeIgniter\BaseModel->insert()
#7 /home/jgnunes/Projetos/projeto-m2/app/Controllers/Clientes.php(60): CodeIgniter\Model->insert()
#8 /home/jgnunes/Projetos/projeto-m2/system/CodeIgniter.php(919): App\Controllers\Clientes->store()
#9 /home/jgnunes/Projetos/projeto-m2/system/CodeIgniter.php(494): CodeIgniter\CodeIgniter->runController()
#10 /home/jgnunes/Projetos/projeto-m2/system/CodeIgniter.php(353): CodeIgniter\CodeIgniter->handleRequest()
#11 /home/jgnunes/Projetos/projeto-m2/public/index.php(79): CodeIgniter\CodeIgniter->run()
#12 /home/jgnunes/Projetos/projeto-m2/system/Commands/Server/rewrite.php(47): require_once('...')
#13 {main}
CRITICAL - 2023-10-16 23:42:42 --> Duplicate entry '41' for key 'clientes.PRIMARY'
in SYSTEMPATH/Database/BaseConnection.php on line 646.
 1 SYSTEMPATH/Database/BaseBuilder.php(2308): CodeIgniter\Database\BaseConnection->query()
 2 SYSTEMPATH/Model.php(319): CodeIgniter\Database\BaseBuilder->insert()
 3 SYSTEMPATH/BaseModel.php(788): CodeIgniter\Model->doInsert()
 4 SYSTEMPATH/Model.php(715): CodeIgniter\BaseModel->insert()
 5 APPPATH/Controllers/Clientes.php(60): CodeIgniter\Model->insert()
 6 SYSTEMPATH/CodeIgniter.php(919): App\Controllers\Clientes->store()
 7 SYSTEMPATH/CodeIgniter.php(494): CodeIgniter\CodeIgniter->runController()
 8 SYSTEMPATH/CodeIgniter.php(353): CodeIgniter\CodeIgniter->handleRequest()
 9 FCPATH/index.php(79): CodeIgniter\CodeIgniter->run()
10 SYSTEMPATH/Commands/Server/rewrite.php(47): require_once('/home/jgnunes/Projetos/projeto-m2/public/index.php')
ERROR - 2023-10-16 23:45:01 --> mysqli_sql_exception: Duplicate entry '40' for key 'clientes.PRIMARY' in /home/jgnunes/Projetos/projeto-m2/system/Database/MySQLi/Connection.php:306
Stack trace:
#0 /home/jgnunes/Projetos/projeto-m2/system/Database/MySQLi/Connection.php(306): mysqli->query()
#1 /home/jgnunes/Projetos/projeto-m2/system/Database/BaseConnection.php(692): CodeIgniter\Database\MySQLi\Connection->execute()
#2 /home/jgnunes/Projetos/projeto-m2/system/Database/BaseConnection.php(606): CodeIgniter\Database\BaseConnection->simpleQuery()
#3 /home/jgnunes/Projetos/projeto-m2/system/Database/BaseBuilder.php(2308): CodeIgniter\Database\BaseConnection->query()
#4 /home/jgnunes/Projetos/projeto-m2/system/Model.php(319): CodeIgniter\Database\BaseBuilder->insert()
#5 /home/jgnunes/Projetos/projeto-m2/system/BaseModel.php(788): CodeIgniter\Model->doInsert()
#6 /home/jgnunes/Projetos/projeto-m2/system/Model.php(715): CodeIgniter\BaseModel->insert()
#7 /home/jgnunes/Projetos/projeto-m2/app/Controllers/Clientes.php(60): CodeIgniter\Model->insert()
#8 /home/jgnunes/Projetos/projeto-m2/system/CodeIgniter.php(919): App\Controllers\Clientes->store()
#9 /home/jgnunes/Projetos/projeto-m2/system/CodeIgniter.php(494): CodeIgniter\CodeIgniter->runController()
#10 /home/jgnunes/Projetos/projeto-m2/system/CodeIgniter.php(353): CodeIgniter\CodeIgniter->handleRequest()
#11 /home/jgnunes/Projetos/projeto-m2/public/index.php(79): CodeIgniter\CodeIgniter->run()
#12 /home/jgnunes/Projetos/projeto-m2/system/Commands/Server/rewrite.php(47): require_once('...')
#13 {main}
CRITICAL - 2023-10-16 23:45:01 --> Duplicate entry '40' for key 'clientes.PRIMARY'
in SYSTEMPATH/Database/BaseConnection.php on line 646.
 1 SYSTEMPATH/Database/BaseBuilder.php(2308): CodeIgniter\Database\BaseConnection->query()
 2 SYSTEMPATH/Model.php(319): CodeIgniter\Database\BaseBuilder->insert()
 3 SYSTEMPATH/BaseModel.php(788): CodeIgniter\Model->doInsert()
 4 SYSTEMPATH/Model.php(715): CodeIgniter\BaseModel->insert()
 5 APPPATH/Controllers/Clientes.php(60): CodeIgniter\Model->insert()
 6 SYSTEMPATH/CodeIgniter.php(919): App\Controllers\Clientes->store()
 7 SYSTEMPATH/CodeIgniter.php(494): CodeIgniter\CodeIgniter->runController()
 8 SYSTEMPATH/CodeIgniter.php(353): CodeIgniter\CodeIgniter->handleRequest()
 9 FCPATH/index.php(79): CodeIgniter\CodeIgniter->run()
10 SYSTEMPATH/Commands/Server/rewrite.php(47): require_once('/home/jgnunes/Projetos/projeto-m2/public/index.php')
ERROR - 2023-10-16 23:46:04 --> mysqli_sql_exception: Duplicate entry '40' for key 'clientes.PRIMARY' in /home/jgnunes/Projetos/projeto-m2/system/Database/MySQLi/Connection.php:306
Stack trace:
#0 /home/jgnunes/Projetos/projeto-m2/system/Database/MySQLi/Connection.php(306): mysqli->query()
#1 /home/jgnunes/Projetos/projeto-m2/system/Database/BaseConnection.php(692): CodeIgniter\Database\MySQLi\Connection->execute()
#2 /home/jgnunes/Projetos/projeto-m2/system/Database/BaseConnection.php(606): CodeIgniter\Database\BaseConnection->simpleQuery()
#3 /home/jgnunes/Projetos/projeto-m2/system/Database/BaseBuilder.php(2308): CodeIgniter\Database\BaseConnection->query()
#4 /home/jgnunes/Projetos/projeto-m2/system/Model.php(319): CodeIgniter\Database\BaseBuilder->insert()
#5 /home/jgnunes/Projetos/projeto-m2/system/BaseModel.php(788): CodeIgniter\Model->doInsert()
#6 /home/jgnunes/Projetos/projeto-m2/system/Model.php(715): CodeIgniter\BaseModel->insert()
#7 /home/jgnunes/Projetos/projeto-m2/app/Controllers/Clientes.php(60): CodeIgniter\Model->insert()
#8 /home/jgnunes/Projetos/projeto-m2/system/CodeIgniter.php(919): App\Controllers\Clientes->store()
#9 /home/jgnunes/Projetos/projeto-m2/system/CodeIgniter.php(494): CodeIgniter\CodeIgniter->runController()
#10 /home/jgnunes/Projetos/projeto-m2/system/CodeIgniter.php(353): CodeIgniter\CodeIgniter->handleRequest()
#11 /home/jgnunes/Projetos/projeto-m2/public/index.php(79): CodeIgniter\CodeIgniter->run()
#12 /home/jgnunes/Projetos/projeto-m2/system/Commands/Server/rewrite.php(47): require_once('...')
#13 {main}
CRITICAL - 2023-10-16 23:46:04 --> Duplicate entry '40' for key 'clientes.PRIMARY'
in SYSTEMPATH/Database/BaseConnection.php on line 646.
 1 SYSTEMPATH/Database/BaseBuilder.php(2308): CodeIgniter\Database\BaseConnection->query()
 2 SYSTEMPATH/Model.php(319): CodeIgniter\Database\BaseBuilder->insert()
 3 SYSTEMPATH/BaseModel.php(788): CodeIgniter\Model->doInsert()
 4 SYSTEMPATH/Model.php(715): CodeIgniter\BaseModel->insert()
 5 APPPATH/Controllers/Clientes.php(60): CodeIgniter\Model->insert()
 6 SYSTEMPATH/CodeIgniter.php(919): App\Controllers\Clientes->store()
 7 SYSTEMPATH/CodeIgniter.php(494): CodeIgniter\CodeIgniter->runController()
 8 SYSTEMPATH/CodeIgniter.php(353): CodeIgniter\CodeIgniter->handleRequest()
 9 FCPATH/index.php(79): CodeIgniter\CodeIgniter->run()
10 SYSTEMPATH/Commands/Server/rewrite.php(47): require_once('/home/jgnunes/Projetos/projeto-m2/public/index.php')
